<?xml version="1.0" encoding="UTF-8"?>
<coverage generated="1706846811021" clover="3.2.0">
  <project timestamp="1706846811021" name="All files">
    <metrics statements="7" coveredstatements="7" conditionals="1" coveredconditionals="1" methods="1" coveredmethods="1" elements="9" coveredelements="9" complexity="0" loc="7" ncloc="7" packages="1" files="1" classes="1"/>
    <file name="main.ts" path="/Users/danlaw/Documents/GitHub/NetflixLite/Easy/src/main.ts">
      <metrics statements="7" coveredstatements="7" conditionals="1" coveredconditionals="1" methods="1" coveredmethods="1"/>
      <line num="1" count="1" type="stmt"/>
      <line num="4" count="1" type="stmt"/>
      <line num="6" count="2" type="stmt"/>
      <line num="13" count="1" type="stmt"/>
      <line num="18" count="1" type="stmt"/>
      <line num="20" count="1" type="stmt"/>
      <line num="23" count="1" type="stmt"/>
    </file>
  </project>
</coverage>
